<?xml version="1.0" encoding="UTF-8"?>
<!-- Generated by org.testng.reporters.JUnitReportReporter -->
<testsuite hostname="Kamolesh-PC" name="script.SmokeTest" tests="1" failures="0" timestamp="14 Nov 2014 03:35:40 GMT" time="0.027" errors="0">
  <testcase name="TitleValidationTest" time="0.027" classname="script.SmokeTest"/>
</testsuite> <!-- script.SmokeTest -->
